<?xml version="1.0" encoding="UTF-8"?>
<testng-results total="1" passed="1" failed="0" skipped="0">
  <reporter-output>
  </reporter-output>
  <suite started-at="2019-02-17T01:34:15Z" name="Suite" finished-at="2019-02-17T01:34:15Z" duration-ms="12">
    <groups>
    </groups>
    <test started-at="2019-02-17T01:34:15Z" name="Test" finished-at="2019-02-17T01:34:15Z" duration-ms="12">
      <class name="com.chc.checkmaven.MavenTest">
        <test-method signature="mavenTest()[pri:0, instance:com.chc.checkmaven.MavenTest@7cc0cdad]" started-at="2019-02-16T19:34:15Z" name="mavenTest" finished-at="2019-02-16T19:34:15Z" duration-ms="5" status="PASS">
          <reporter-output>
          </reporter-output>
        </test-method> <!-- mavenTest -->
      </class> <!-- com.chc.checkmaven.MavenTest -->
    </test> <!-- Test -->
  </suite> <!-- Suite -->
</testng-results>
