<?xml version="1.0" encoding="UTF-8"?>
<testng-results total="1" passed="1" failed="0" skipped="0">
  <reporter-output>
  </reporter-output>
  <suite started-at="2019-02-17T01:34:35Z" name="Default suite" finished-at="2019-02-17T01:34:35Z" duration-ms="17">
    <groups>
    </groups>
    <test started-at="2019-02-17T01:34:35Z" name="Default test" finished-at="2019-02-17T01:34:35Z" duration-ms="17">
      <class name="com.chc.checkmaven.MavenTest">
        <test-method signature="mavenTest()[pri:0, instance:com.chc.checkmaven.MavenTest@206a70ef]" started-at="2019-02-16T19:34:35Z" name="mavenTest" finished-at="2019-02-16T19:34:35Z" duration-ms="8" status="PASS">
          <reporter-output>
          </reporter-output>
        </test-method> <!-- mavenTest -->
      </class> <!-- com.chc.checkmaven.MavenTest -->
    </test> <!-- Default test -->
  </suite> <!-- Default suite -->
</testng-results>
